2020-11-21 22:45:15,info,Starting import from /home/ExternalHDD/SoftwaresAndTricks/Linux/LinuxSoftwares/SecureCRT/SecureCRT for LINUX/settings.xml to /home/saad/.config/vandyke/SecureCRT/Config
2020-11-21 22:45:15,info,Importing passphrase...
2020-11-21 22:45:15,info,Importing global options...
2020-11-21 22:45:15,info,Importing sessions...
2020-11-21 22:45:15,info,Importing session '/Default'...
2020-11-21 22:45:15,info,Importing firewalls...
2020-11-21 22:45:15,warn,No settings for firewalls could be found in file to import
2020-11-21 22:45:15,info,Importing highlight keywords...
2020-11-21 22:45:15,warn,No settings for highlight keywords could be found in file to import
2020-11-21 22:45:15,info,Importing button bars...
2020-11-21 22:45:15,info,Importing color schemes...
2020-11-21 22:45:15,warn,No settings for color schemes could be found in file to import
2020-11-21 22:45:15,info,Importing protocol options...
2020-11-21 22:45:15,info,Importing file types...
2020-11-21 22:45:15,info,Importing synchronize sessions...
2020-11-21 22:45:15,warn,No settings for synchronize sessions could be found in file to import
2020-11-21 22:45:15,info,Importing synchronize filters...
2020-11-21 22:45:15,warn,No settings for synchronize filters could be found in file to import
2020-11-21 22:45:15,info,Importing associated files...
2020-11-21 22:45:15,info,Importing license...
2020-11-21 22:45:15,info,Import from /home/ExternalHDD/SoftwaresAndTricks/Linux/LinuxSoftwares/SecureCRT/SecureCRT for LINUX/settings.xml to /home/saad/.config/vandyke/SecureCRT/Config complete
